<?xml version="1.0" encoding="UTF-8"?>
<!-- Generated by org.testng.reporters.JUnitReportReporter -->
<testsuite hostname="LAPTOP-E1DDN2N8" failures="0" tests="3" name="com.qa.testscripts.Skillup_TC_002" time="16.362" errors="0" timestamp="2022-12-08T14:34:36 IST" skipped="0">
  <testcase classname="com.qa.testscripts.Skillup_TC_002" name="testSkillup2" time="5.418"/>
  <system-out/>
  <testcase classname="com.qa.testscripts.Skillup_TC_002" name="testSkillup2" time="5.614"/>
  <system-out/>
  <testcase classname="com.qa.testscripts.Skillup_TC_002" name="testSkillup2" time="5.330"/>
  <system-out/>
</testsuite> <!-- com.qa.testscripts.Skillup_TC_002 -->
